
> main@0.0.1 build /Users/afa/web/alex-fusionauth/fusionauththemes/apps/main
> astro build

[2m19:10:03[22m [34m[vite][39m Re-optimizing dependencies because vite config has changed
[2m19:10:03[22m [34m[content][39m Syncing content
[2m19:10:03[22m [34m[content][39m Synced content
[2m19:10:03[22m [34m[types][39m Generated [2m308ms[22m
[2m19:10:03[22m [34m[build][39m output: [34m"static"[39m
[2m19:10:03[22m [34m[build][39m directory: [34m/Users/afa/web/alex-fusionauth/fusionauththemes/apps/main/dist/[39m
[2m19:10:03[22m [34m[build][39m Collecting build info...
[2m19:10:03[22m [34m[build][39m [32m✓ Completed in 499ms.[39m
[2m19:10:03[22m [34m[build][39m Building static entrypoints...
[2K[1G[2K[1G[2K[1G[2K[1G[2K[1G[2K[1G[2K[1G[2K[1G[2K[1G[2K[1G[2K[1G[2K[1G[2K[1G[2K[1G[2K[1G[2K[1G[2K[1G[2K[1G[2K[1G[2m19:10:04[22m [34m[vite][39m [32m✓ built in 1.58s[39m
[2m19:10:04[22m [34m[build][39m [32m✓ Completed in 1.60s.[39m

[42m[30m building client (vite) [39m[49m
[2K[1Gtransforming (1) [2mastro:scripts/page.js[22m[2K[1G[2m19:10:05[22m [34m[vite][39m [32m✓[39m 17 modules transformed.
[2K[1Grendering chunks (1)...[2K[1Grendering chunks (2)...[2K[1Grendering chunks (3)...[2K[1Grendering chunks (4)...[2K[1Grendering chunks (5)...[2K[1Grendering chunks (6)...[2K[1Grendering chunks (7)...[2K[1Grendering chunks (8)...[2K[1Grendering chunks (9)...[2K[1Grendering chunks (10)...[2K[1G[2K[1Gcomputing gzip size (0)...[2K[1Gcomputing gzip size (1)...[2K[1Gcomputing gzip size (2)...[2K[1Gcomputing gzip size (3)...[2K[1Gcomputing gzip size (4)...[2K[1Gcomputing gzip size (5)...[2K[1Gcomputing gzip size (6)...[2K[1G[2m19:10:05[22m [34m[vite][39m [2mdist/[22m[2m_astro/[22m[32mec.8zarh.js                                                             [39m[1m[2m 2.42 kB[22m[1m[22m
[2m19:10:05[22m [34m[vite][39m [2mdist/[22m[2m_astro/[22m[35mec.rh18c.css                                                            [39m[1m[2m18.25 kB[22m[1m[22m[2m │ gzip:  3.87 kB[22m
[2m19:10:05[22m [34m[vite][39m [2mdist/[22m[2m_astro/[22m[36mMobileTableOfContents.astro_astro_type_script_index_0_lang.CwvHEPnB.js  [39m[1m[2m 0.67 kB[22m[1m[22m[2m │ gzip:  0.40 kB[22m
[2m19:10:05[22m [34m[vite][39m [2mdist/[22m[2m_astro/[22m[36mTableOfContents.astro_astro_type_script_index_0_lang.CxWEh7Yp.js        [39m[1m[2m 1.67 kB[22m[1m[22m[2m │ gzip:  0.86 kB[22m
[2m19:10:05[22m [34m[vite][39m [2mdist/[22m[2m_astro/[22m[36mpage.7qqag-5g.js                                                        [39m[1m[2m 2.17 kB[22m[1m[22m[2m │ gzip:  0.97 kB[22m
[2m19:10:05[22m [34m[vite][39m [2mdist/[22m[2m_astro/[22m[36mSearch.astro_astro_type_script_index_0_lang.Di8WMhrZ.js                 [39m[1m[2m 2.57 kB[22m[1m[22m[2m │ gzip:  1.33 kB[22m
[2m19:10:05[22m [34m[vite][39m [2mdist/[22m[2m_astro/[22m[36mui-core.CMI3KOot.js                                                     [39m[1m[2m64.33 kB[22m[1m[22m[2m │ gzip: 21.71 kB[22m
[2m19:10:05[22m [34m[vite][39m [32m✓ built in 87ms[39m

[42m[30m generating static routes [39m[49m
[2m19:10:05[22m [32m▶[39m /404
[2m19:10:05[22m   [34m└─[39m [2m/404.html[22mEntry docs → 404 was not found.
 [2m(+12ms)[22m 
[2m19:10:05[22m [32m▶[39m /[...slug]
[2m19:10:05[22m   [34m├─[39m [2m/guides/example/index.html[22m [2m(+5ms)[22m 
[2m19:10:05[22m   [34m├─[39m [2m/reference/example/index.html[22m [2m(+3ms)[22m 
[2m19:10:05[22m   [34m└─[39m [2m/index.html[22m [2m(+5ms)[22m 
[2m19:10:05[22m [32m✓ Completed in 59ms.
[39m
[42m[30m generating optimized images [39m[49m
[2m19:10:05[22m   [32m▶[39m /_astro/houston.CZZyCf7p_Z2wV2f.webp [2m(before: 96kB, after: 27kB)[22m [2m(+481ms)[22m [2m(1/1)[22m
[2m19:10:05[22m [32m✓ Completed in 481ms.
[39m
[1G[0K⠙[1G[0K
[36m[1mRunning Pagefind v1.3.0 (Extended)[0m
Running from: "/Users/afa/web/alex-fusionauth/fusionauththemes/node_modules/.pnpm/@astrojs+starlight@0.31.1_astro@5.2.5_jiti@1.21.7_rollup@4.34.4_typescript@5.7.3_yaml@2.7.0_/node_modules/@astrojs/starlight"
Source:       "../../../../../../apps/main/dist"
Output:       "../../../../../../apps/main/dist/pagefind"

[36m[1m[Walking source directory][0m
Found 4 files matching **/*.{html}

[36m[1m[Parsing files][0m
Found a data-pagefind-body element on the site.
↳ Ignoring pages without this tag.

[36m[1m[Reading languages][0m
Discovered 1 language: en

[36m[1m[Building search indexes][0m
Total: 
  Indexed 1 language
  Indexed 3 pages
  Indexed 93 words
  Indexed 0 filters
  Indexed 0 sorts

[36m[1mFinished in 0.007 seconds[0m
[1G[0K⠙[1G[0K[33m[1m19:10:07[22m [WARN] [@astrojs/sitemap][39m The Sitemap integration requires the `site` astro.config option. Skipping.
[2m19:10:07[22m [34m[build][39m 4 page(s) built in [1m4.21s[22m
[2m19:10:07[22m [34m[build][39m [1mComplete![22m
